{"/Users/jpoppler/Programming/cosmic-jayssica/connections/lib/components/Connections.tsx": {"path":"/Users/jpoppler/Programming/cosmic-jayssica/connections/lib/components/Connections.tsx","statementMap":{"0":{"start":{"line":1,"column":0},"end":{"line":1,"column":24}},"1":{"start":{"line":2,"column":2},"end":{"line":4,"column":4}}},"fnMap":{"0":{"name":"Connections","decl":{"start":{"line":1,"column":24},"end":{"line":1,"column":35}},"loc":{"start":{"line":1,"column":35},"end":{"line":5,"column":1}}}},"branchMap":{},"s":{"0":1,"1":1},"f":{"0":1},"b":{}}
}
